2023-12-05 20:25:59,030 - ozon.analitics:108 - INFO - ежедневная аналитика за даты 2023-12-04 - 2023-12-04 for NemoCAM
2023-12-05 23:21:57,068 - ozon.google:18 - INFO - меняю строки на листе DATA
2023-12-05 23:22:00,075 - ozon.product:93 - INFO - Собираю сток для Arris
2023-12-05 23:22:00,395 - ozon.product:21 - INFO - Собираю параметры продукта для Arris
2023-12-05 23:22:00,487 - ozon.product:21 - INFO - Собираю параметры продукта для Arris
2023-12-05 23:22:00,584 - ozon.product:21 - INFO - Собираю параметры продукта для Arris
2023-12-05 23:22:00,689 - ozon.product:21 - INFO - Собираю параметры продукта для Arris
2023-12-05 23:22:00,775 - ozon.product:21 - INFO - Собираю параметры продукта для Arris
2023-12-05 23:22:00,865 - ozon.product:21 - INFO - Собираю параметры продукта для Arris
2023-12-05 23:22:00,959 - ozon.product:21 - INFO - Собираю параметры продукта для Arris
2023-12-05 23:22:01,047 - ozon.product:21 - INFO - Собираю параметры продукта для Arris
2023-12-05 23:22:01,211 - ozon.product:21 - INFO - Собираю параметры продукта для Arris
2023-12-05 23:22:01,304 - ozon.product:21 - INFO - Собираю параметры продукта для Arris
2023-12-05 23:22:01,395 - ozon.product:21 - INFO - Собираю параметры продукта для Arris
2023-12-05 23:22:01,490 - ozon.product:21 - INFO - Собираю параметры продукта для Arris
2023-12-05 23:22:01,585 - ozon.product:21 - INFO - Собираю параметры продукта для Arris
2023-12-05 23:22:01,676 - ozon.product:21 - INFO - Собираю параметры продукта для Arris
2023-12-05 23:22:02,218 - ozon.product:21 - INFO - Собираю параметры продукта для Arris
2023-12-05 23:22:02,311 - ozon.product:21 - INFO - Собираю параметры продукта для Arris
2023-12-05 23:22:02,401 - ozon.product:21 - INFO - Собираю параметры продукта для Arris
2023-12-05 23:22:02,488 - ozon.product:21 - INFO - Собираю параметры продукта для Arris
2023-12-05 23:22:02,569 - ozon.product:21 - INFO - Собираю параметры продукта для Arris
2023-12-05 23:22:02,656 - ozon.product:21 - INFO - Собираю параметры продукта для Arris
2023-12-05 23:22:02,738 - ozon.product:21 - INFO - Собираю параметры продукта для Arris
2023-12-05 23:22:02,827 - ozon.product:21 - INFO - Собираю параметры продукта для Arris
2023-12-05 23:22:02,905 - ozon.product:21 - INFO - Собираю параметры продукта для Arris
2023-12-05 23:22:02,983 - ozon.product:21 - INFO - Собираю параметры продукта для Arris
2023-12-05 23:22:03,069 - ozon.product:21 - INFO - Собираю параметры продукта для Arris
2023-12-05 23:22:03,181 - ozon.product:21 - INFO - Собираю параметры продукта для Arris
2023-12-05 23:22:03,258 - ozon.product:21 - INFO - Собираю параметры продукта для Arris
2023-12-05 23:22:03,334 - ozon.product:21 - INFO - Собираю параметры продукта для Arris
2023-12-05 23:22:03,426 - ozon.product:21 - INFO - Собираю параметры продукта для Arris
2023-12-05 23:22:03,522 - ozon.product:21 - INFO - Собираю параметры продукта для Arris
2023-12-05 23:22:03,603 - ozon.product:21 - INFO - Собираю параметры продукта для Arris
2023-12-05 23:22:03,685 - ozon.product:21 - INFO - Собираю параметры продукта для Arris
2023-12-05 23:22:03,781 - ozon.product:21 - INFO - Собираю параметры продукта для Arris
2023-12-05 23:22:03,879 - ozon.product:21 - INFO - Собираю параметры продукта для Arris
2023-12-05 23:22:03,987 - ozon.product:21 - INFO - Собираю параметры продукта для Arris
2023-12-05 23:22:04,098 - ozon.product:93 - INFO - Собираю сток для Arris
2023-12-05 23:22:04,669 - ozon.product:21 - INFO - Собираю параметры продукта для Arris
2023-12-05 23:22:04,745 - ozon.product:21 - INFO - Собираю параметры продукта для Arris
2023-12-05 23:22:04,836 - ozon.product:21 - INFO - Собираю параметры продукта для Arris
2023-12-05 23:22:04,920 - ozon.product:21 - INFO - Собираю параметры продукта для Arris
2023-12-05 23:22:05,001 - ozon.product:21 - INFO - Собираю параметры продукта для Arris
2023-12-05 23:22:05,182 - ozon.product:21 - INFO - Собираю параметры продукта для Arris
2023-12-05 23:22:05,280 - ozon.product:21 - INFO - Собираю параметры продукта для Arris
2023-12-05 23:22:05,368 - ozon.product:21 - INFO - Собираю параметры продукта для Arris
2023-12-05 23:22:05,462 - ozon.product:21 - INFO - Собираю параметры продукта для Arris
2023-12-05 23:22:05,553 - ozon.product:21 - INFO - Собираю параметры продукта для Arris
2023-12-05 23:22:05,636 - ozon.product:21 - INFO - Собираю параметры продукта для Arris
2023-12-05 23:22:05,720 - ozon.product:21 - INFO - Собираю параметры продукта для Arris
2023-12-05 23:22:05,804 - ozon.product:21 - INFO - Собираю параметры продукта для Arris
2023-12-05 23:22:05,890 - ozon.product:21 - INFO - Собираю параметры продукта для Arris
2023-12-05 23:22:05,987 - ozon.product:21 - INFO - Собираю параметры продукта для Arris
2023-12-05 23:22:06,087 - ozon.product:21 - INFO - Собираю параметры продукта для Arris
2023-12-05 23:22:06,173 - ozon.product:21 - INFO - Собираю параметры продукта для Arris
2023-12-05 23:22:06,255 - ozon.product:21 - INFO - Собираю параметры продукта для Arris
2023-12-05 23:22:06,352 - ozon.product:21 - INFO - Собираю параметры продукта для Arris
2023-12-05 23:22:06,444 - ozon.product:21 - INFO - Собираю параметры продукта для Arris
2023-12-05 23:22:06,545 - ozon.product:21 - INFO - Собираю параметры продукта для Arris
2023-12-05 23:22:06,620 - ozon.product:21 - INFO - Собираю параметры продукта для Arris
2023-12-05 23:22:06,705 - ozon.product:21 - INFO - Собираю параметры продукта для Arris
2023-12-05 23:22:06,805 - ozon.product:21 - INFO - Собираю параметры продукта для Arris
2023-12-05 23:22:06,889 - ozon.product:21 - INFO - Собираю параметры продукта для Arris
2023-12-05 23:22:06,972 - ozon.product:21 - INFO - Собираю параметры продукта для Arris
2023-12-05 23:22:07,063 - ozon.product:21 - INFO - Собираю параметры продукта для Arris
2023-12-05 23:22:07,149 - ozon.product:21 - INFO - Собираю параметры продукта для Arris
2023-12-05 23:22:07,229 - ozon.product:21 - INFO - Собираю параметры продукта для Arris
2023-12-05 23:22:07,366 - ozon.product:21 - INFO - Собираю параметры продукта для Arris
2023-12-05 23:22:07,446 - ozon.product:21 - INFO - Собираю параметры продукта для Arris
2023-12-05 23:22:07,535 - ozon.product:21 - INFO - Собираю параметры продукта для Arris
2023-12-05 23:22:07,623 - ozon.product:21 - INFO - Собираю параметры продукта для Arris
2023-12-05 23:22:07,705 - ozon.product:21 - INFO - Собираю параметры продукта для Arris
2023-12-05 23:22:07,788 - ozon.product:21 - INFO - Собираю параметры продукта для Arris
2023-12-05 23:22:07,873 - ozon.product:21 - INFO - Собираю параметры продукта для Arris
2023-12-05 23:22:07,949 - ozon.product:21 - INFO - Собираю параметры продукта для Arris
2023-12-05 23:22:08,050 - ozon.product:21 - INFO - Собираю параметры продукта для Arris
2023-12-05 23:22:08,143 - ozon.product:21 - INFO - Собираю параметры продукта для Arris
2023-12-05 23:22:08,226 - ozon.product:21 - INFO - Собираю параметры продукта для Arris
2023-12-05 23:22:08,310 - ozon.product:21 - INFO - Собираю параметры продукта для Arris
2023-12-05 23:22:08,414 - ozon.product:21 - INFO - Собираю параметры продукта для Arris
2023-12-05 23:22:08,495 - ozon.product:21 - INFO - Собираю параметры продукта для Arris
2023-12-05 23:22:08,585 - ozon.product:21 - INFO - Собираю параметры продукта для Arris
2023-12-05 23:22:08,683 - ozon.product:21 - INFO - Собираю параметры продукта для Arris
2023-12-05 23:22:08,776 - ozon.product:21 - INFO - Собираю параметры продукта для Arris
2023-12-05 23:22:08,856 - ozon.product:21 - INFO - Собираю параметры продукта для Arris
2023-12-05 23:22:08,945 - ozon.product:21 - INFO - Собираю параметры продукта для Arris
2023-12-05 23:22:09,052 - ozon.product:21 - INFO - Собираю параметры продукта для Arris
2023-12-05 23:22:09,144 - ozon.product:21 - INFO - Собираю параметры продукта для Arris
2023-12-05 23:22:09,231 - ozon.product:21 - INFO - Собираю параметры продукта для Arris
2023-12-05 23:22:09,320 - ozon.product:21 - INFO - Собираю параметры продукта для Arris
2023-12-05 23:22:09,392 - ozon.product:21 - INFO - Собираю параметры продукта для Arris
2023-12-05 23:22:09,479 - ozon.product:21 - INFO - Собираю параметры продукта для Arris
2023-12-05 23:22:09,567 - ozon.product:21 - INFO - Собираю параметры продукта для Arris
2023-12-05 23:22:09,642 - ozon.product:21 - INFO - Собираю параметры продукта для Arris
2023-12-05 23:22:09,731 - ozon.product:21 - INFO - Собираю параметры продукта для Arris
2023-12-05 23:22:09,805 - ozon.product:21 - INFO - Собираю параметры продукта для Arris
2023-12-05 23:22:09,882 - ozon.product:21 - INFO - Собираю параметры продукта для Arris
2023-12-05 23:22:10,028 - ozon.product:21 - INFO - Собираю параметры продукта для Arris
2023-12-05 23:22:10,113 - ozon.product:21 - INFO - Собираю параметры продукта для Arris
2023-12-05 23:22:10,250 - ozon.product:21 - INFO - Собираю параметры продукта для Arris
2023-12-05 23:22:10,332 - ozon.product:21 - INFO - Собираю параметры продукта для Arris
2023-12-05 23:22:10,430 - ozon.product:21 - INFO - Собираю параметры продукта для Arris
2023-12-05 23:22:10,581 - ozon.product:21 - INFO - Собираю параметры продукта для Arris
2023-12-05 23:22:10,663 - ozon.product:21 - INFO - Собираю параметры продукта для Arris
2023-12-05 23:22:10,750 - ozon.product:21 - INFO - Собираю параметры продукта для Arris
2023-12-05 23:22:10,845 - ozon.product:21 - INFO - Собираю параметры продукта для Arris
2023-12-05 23:22:10,940 - ozon.product:21 - INFO - Собираю параметры продукта для Arris
2023-12-05 23:22:11,044 - ozon.product:21 - INFO - Собираю параметры продукта для Arris
2023-12-05 23:22:11,127 - ozon.product:21 - INFO - Собираю параметры продукта для Arris
2023-12-05 23:22:11,219 - ozon.product:21 - INFO - Собираю параметры продукта для Arris
2023-12-05 23:22:11,317 - ozon.product:21 - INFO - Собираю параметры продукта для Arris
2023-12-05 23:22:11,405 - ozon.product:21 - INFO - Собираю параметры продукта для Arris
2023-12-05 23:22:11,479 - ozon.product:21 - INFO - Собираю параметры продукта для Arris
2023-12-05 23:22:11,560 - ozon.product:21 - INFO - Собираю параметры продукта для Arris
2023-12-05 23:22:11,670 - ozon.product:21 - INFO - Собираю параметры продукта для Arris
2023-12-05 23:22:11,748 - ozon.product:21 - INFO - Собираю параметры продукта для Arris
2023-12-05 23:22:11,825 - ozon.product:21 - INFO - Собираю параметры продукта для Arris
2023-12-05 23:22:11,935 - ozon.product:21 - INFO - Собираю параметры продукта для Arris
2023-12-05 23:22:12,017 - ozon.product:21 - INFO - Собираю параметры продукта для Arris
2023-12-05 23:22:12,120 - ozon.product:21 - INFO - Собираю параметры продукта для Arris
2023-12-05 23:22:12,204 - ozon.product:21 - INFO - Собираю параметры продукта для Arris
2023-12-05 23:22:12,284 - ozon.product:21 - INFO - Собираю параметры продукта для Arris
2023-12-05 23:22:12,366 - ozon.product:21 - INFO - Собираю параметры продукта для Arris
2023-12-05 23:22:12,450 - ozon.product:21 - INFO - Собираю параметры продукта для Arris
2023-12-05 23:22:12,537 - ozon.product:21 - INFO - Собираю параметры продукта для Arris
2023-12-05 23:22:12,629 - ozon.product:21 - INFO - Собираю параметры продукта для Arris
2023-12-05 23:22:12,715 - ozon.product:21 - INFO - Собираю параметры продукта для Arris
2023-12-05 23:22:12,808 - ozon.product:21 - INFO - Собираю параметры продукта для Arris
2023-12-05 23:22:12,906 - ozon.product:21 - INFO - Собираю параметры продукта для Arris
2023-12-05 23:22:13,006 - ozon.product:21 - INFO - Собираю параметры продукта для Arris
2023-12-05 23:22:13,296 - ozon.product:21 - INFO - Собираю параметры продукта для Arris
2023-12-05 23:22:13,385 - ozon.product:21 - INFO - Собираю параметры продукта для Arris
2023-12-05 23:22:13,506 - ozon.product:21 - INFO - Собираю параметры продукта для Arris
2023-12-05 23:22:13,639 - ozon.product:21 - INFO - Собираю параметры продукта для Arris
2023-12-05 23:22:13,746 - ozon.product:21 - INFO - Собираю параметры продукта для Arris
2023-12-05 23:22:13,855 - ozon.product:21 - INFO - Собираю параметры продукта для Arris
2023-12-05 23:22:13,954 - ozon.product:21 - INFO - Собираю параметры продукта для Arris
2023-12-05 23:22:14,042 - ozon.product:21 - INFO - Собираю параметры продукта для Arris
2023-12-05 23:22:14,123 - ozon.product:21 - INFO - Собираю параметры продукта для Arris
2023-12-05 23:22:14,235 - ozon.product:21 - INFO - Собираю параметры продукта для Arris
2023-12-05 23:22:14,327 - ozon.product:21 - INFO - Собираю параметры продукта для Arris
2023-12-05 23:22:14,445 - ozon.product:21 - INFO - Собираю параметры продукта для Arris
2023-12-05 23:22:14,533 - ozon.product:21 - INFO - Собираю параметры продукта для Arris
2023-12-05 23:22:14,639 - ozon.product:21 - INFO - Собираю параметры продукта для Arris
2023-12-05 23:22:14,722 - ozon.product:21 - INFO - Собираю параметры продукта для Arris
2023-12-05 23:22:14,806 - ozon.product:21 - INFO - Собираю параметры продукта для Arris
2023-12-05 23:22:14,901 - ozon.product:21 - INFO - Собираю параметры продукта для Arris
2023-12-05 23:22:14,979 - ozon.product:21 - INFO - Собираю параметры продукта для Arris
2023-12-05 23:22:15,065 - ozon.product:21 - INFO - Собираю параметры продукта для Arris
2023-12-05 23:22:15,150 - ozon.product:21 - INFO - Собираю параметры продукта для Arris
2023-12-05 23:22:15,230 - ozon.product:21 - INFO - Собираю параметры продукта для Arris
2023-12-05 23:22:15,310 - ozon.product:21 - INFO - Собираю параметры продукта для Arris
2023-12-05 23:22:15,398 - ozon.product:21 - INFO - Собираю параметры продукта для Arris
2023-12-05 23:22:15,496 - ozon.product:21 - INFO - Собираю параметры продукта для Arris
2023-12-05 23:22:15,588 - ozon.product:21 - INFO - Собираю параметры продукта для Arris
2023-12-05 23:22:15,671 - ozon.product:21 - INFO - Собираю параметры продукта для Arris
2023-12-05 23:22:15,772 - ozon.product:21 - INFO - Собираю параметры продукта для Arris
2023-12-05 23:22:15,860 - ozon.product:21 - INFO - Собираю параметры продукта для Arris
2023-12-05 23:22:15,948 - ozon.product:21 - INFO - Собираю параметры продукта для Arris
2023-12-05 23:22:16,026 - ozon.product:21 - INFO - Собираю параметры продукта для Arris
2023-12-05 23:22:16,113 - ozon.product:21 - INFO - Собираю параметры продукта для Arris
2023-12-05 23:22:16,197 - ozon.product:21 - INFO - Собираю параметры продукта для Arris
2023-12-05 23:22:16,274 - ozon.product:21 - INFO - Собираю параметры продукта для Arris
2023-12-05 23:22:16,363 - ozon.product:21 - INFO - Собираю параметры продукта для Arris
2023-12-05 23:22:16,453 - ozon.product:21 - INFO - Собираю параметры продукта для Arris
2023-12-05 23:22:16,533 - ozon.product:21 - INFO - Собираю параметры продукта для Arris
2023-12-05 23:22:16,615 - ozon.product:21 - INFO - Собираю параметры продукта для Arris
2023-12-05 23:22:16,699 - ozon.product:21 - INFO - Собираю параметры продукта для Arris
2023-12-05 23:22:16,792 - ozon.product:21 - INFO - Собираю параметры продукта для Arris
2023-12-05 23:22:16,870 - ozon.product:21 - INFO - Собираю параметры продукта для Arris
2023-12-05 23:22:16,960 - ozon.product:21 - INFO - Собираю параметры продукта для Arris
2023-12-05 23:22:17,034 - ozon.product:21 - INFO - Собираю параметры продукта для Arris
2023-12-05 23:22:17,110 - ozon.product:21 - INFO - Собираю параметры продукта для Arris
2023-12-05 23:22:17,195 - ozon.product:21 - INFO - Собираю параметры продукта для Arris
2023-12-05 23:22:17,271 - ozon.product:21 - INFO - Собираю параметры продукта для Arris
2023-12-05 23:22:17,360 - ozon.product:21 - INFO - Собираю параметры продукта для Arris
2023-12-05 23:22:17,456 - ozon.product:21 - INFO - Собираю параметры продукта для Arris
2023-12-05 23:22:17,543 - ozon.product:21 - INFO - Собираю параметры продукта для Arris
2023-12-05 23:22:17,640 - ozon.product:21 - INFO - Собираю параметры продукта для Arris
2023-12-05 23:22:17,744 - ozon.product:21 - INFO - Собираю параметры продукта для Arris
2023-12-05 23:22:17,825 - ozon.product:21 - INFO - Собираю параметры продукта для Arris
2023-12-05 23:22:17,909 - ozon.product:21 - INFO - Собираю параметры продукта для Arris
2023-12-05 23:22:17,995 - ozon.product:21 - INFO - Собираю параметры продукта для Arris
2023-12-05 23:22:18,074 - ozon.product:21 - INFO - Собираю параметры продукта для Arris
2023-12-05 23:22:18,162 - ozon.product:21 - INFO - Собираю параметры продукта для Arris
2023-12-05 23:22:18,255 - ozon.product:21 - INFO - Собираю параметры продукта для Arris
2023-12-05 23:22:18,376 - ozon.product:21 - INFO - Собираю параметры продукта для Arris
2023-12-05 23:22:18,459 - ozon.product:21 - INFO - Собираю параметры продукта для Arris
2023-12-05 23:22:18,550 - ozon.product:21 - INFO - Собираю параметры продукта для Arris
2023-12-05 23:22:18,629 - ozon.product:21 - INFO - Собираю параметры продукта для Arris
2023-12-05 23:22:18,708 - ozon.product:21 - INFO - Собираю параметры продукта для Arris
2023-12-05 23:22:18,798 - ozon.product:21 - INFO - Собираю параметры продукта для Arris
2023-12-05 23:22:18,887 - ozon.product:21 - INFO - Собираю параметры продукта для Arris
2023-12-05 23:22:18,965 - ozon.product:21 - INFO - Собираю параметры продукта для Arris
2023-12-05 23:22:19,085 - ozon.product:21 - INFO - Собираю параметры продукта для Arris
2023-12-05 23:22:19,196 - ozon.product:21 - INFO - Собираю параметры продукта для Arris
2023-12-05 23:22:19,274 - ozon.product:21 - INFO - Собираю параметры продукта для Arris
2023-12-05 23:22:19,394 - ozon.product:21 - INFO - Собираю параметры продукта для Arris
2023-12-05 23:22:19,487 - ozon.product:21 - INFO - Собираю параметры продукта для Arris
2023-12-05 23:22:19,575 - ozon.product:21 - INFO - Собираю параметры продукта для Arris
2023-12-05 23:22:19,654 - ozon.product:21 - INFO - Собираю параметры продукта для Arris
2023-12-05 23:22:19,738 - ozon.product:21 - INFO - Собираю параметры продукта для Arris
2023-12-05 23:22:19,904 - ozon.product:21 - INFO - Собираю параметры продукта для Arris
2023-12-05 23:22:19,985 - ozon.product:21 - INFO - Собираю параметры продукта для Arris
2023-12-05 23:22:20,069 - ozon.product:21 - INFO - Собираю параметры продукта для Arris
2023-12-05 23:22:20,155 - ozon.product:21 - INFO - Собираю параметры продукта для Arris
2023-12-05 23:22:20,239 - ozon.product:21 - INFO - Собираю параметры продукта для Arris
2023-12-05 23:22:20,333 - ozon.product:21 - INFO - Собираю параметры продукта для Arris
2023-12-05 23:22:20,430 - ozon.product:21 - INFO - Собираю параметры продукта для Arris
2023-12-05 23:22:20,525 - ozon.product:21 - INFO - Собираю параметры продукта для Arris
2023-12-05 23:22:20,606 - ozon.product:21 - INFO - Собираю параметры продукта для Arris
2023-12-05 23:22:20,688 - ozon.product:21 - INFO - Собираю параметры продукта для Arris
2023-12-05 23:22:20,771 - ozon.product:21 - INFO - Собираю параметры продукта для Arris
2023-12-05 23:22:20,850 - ozon.product:21 - INFO - Собираю параметры продукта для Arris
2023-12-05 23:22:20,931 - ozon.product:21 - INFO - Собираю параметры продукта для Arris
2023-12-05 23:22:21,011 - ozon.product:21 - INFO - Собираю параметры продукта для Arris
2023-12-05 23:22:21,098 - ozon.product:21 - INFO - Собираю параметры продукта для Arris
2023-12-05 23:22:21,181 - ozon.product:21 - INFO - Собираю параметры продукта для Arris
2023-12-05 23:22:21,258 - ozon.product:21 - INFO - Собираю параметры продукта для Arris
2023-12-05 23:22:21,339 - ozon.product:21 - INFO - Собираю параметры продукта для Arris
2023-12-05 23:22:21,420 - ozon.product:21 - INFO - Собираю параметры продукта для Arris
2023-12-05 23:22:21,514 - ozon.product:21 - INFO - Собираю параметры продукта для Arris
2023-12-05 23:22:21,663 - ozon.product:21 - INFO - Собираю параметры продукта для Arris
2023-12-05 23:22:21,742 - ozon.product:21 - INFO - Собираю параметры продукта для Arris
2023-12-05 23:22:21,817 - ozon.product:21 - INFO - Собираю параметры продукта для Arris
2023-12-05 23:22:21,919 - ozon.product:21 - INFO - Собираю параметры продукта для Arris
2023-12-05 23:22:22,007 - ozon.product:21 - INFO - Собираю параметры продукта для Arris
2023-12-05 23:22:22,105 - ozon.product:21 - INFO - Собираю параметры продукта для Arris
2023-12-05 23:22:22,216 - ozon.product:21 - INFO - Собираю параметры продукта для Arris
2023-12-05 23:22:22,319 - ozon.product:21 - INFO - Собираю параметры продукта для Arris
2023-12-05 23:22:22,403 - ozon.product:21 - INFO - Собираю параметры продукта для Arris
2023-12-05 23:22:22,490 - ozon.product:21 - INFO - Собираю параметры продукта для Arris
2023-12-05 23:22:22,566 - ozon.product:21 - INFO - Собираю параметры продукта для Arris
2023-12-05 23:22:22,660 - ozon.product:21 - INFO - Собираю параметры продукта для Arris
2023-12-05 23:22:22,761 - ozon.product:21 - INFO - Собираю параметры продукта для Arris
2023-12-05 23:22:22,846 - ozon.product:21 - INFO - Собираю параметры продукта для Arris
2023-12-05 23:22:22,927 - ozon.product:21 - INFO - Собираю параметры продукта для Arris
2023-12-05 23:22:23,018 - ozon.product:21 - INFO - Собираю параметры продукта для Arris
2023-12-05 23:22:23,099 - ozon.product:21 - INFO - Собираю параметры продукта для Arris
2023-12-05 23:22:23,189 - ozon.product:21 - INFO - Собираю параметры продукта для Arris
2023-12-05 23:22:23,263 - ozon.product:21 - INFO - Собираю параметры продукта для Arris
2023-12-05 23:22:23,354 - ozon.product:21 - INFO - Собираю параметры продукта для Arris
2023-12-05 23:22:23,441 - ozon.product:21 - INFO - Собираю параметры продукта для Arris
2023-12-05 23:22:23,522 - ozon.product:21 - INFO - Собираю параметры продукта для Arris
2023-12-05 23:22:23,598 - ozon.product:21 - INFO - Собираю параметры продукта для Arris
2023-12-05 23:22:23,683 - ozon.product:21 - INFO - Собираю параметры продукта для Arris
2023-12-05 23:22:23,784 - ozon.product:21 - INFO - Собираю параметры продукта для Arris
2023-12-05 23:22:23,885 - ozon.product:21 - INFO - Собираю параметры продукта для Arris
2023-12-05 23:22:23,987 - ozon.product:21 - INFO - Собираю параметры продукта для Arris
2023-12-05 23:22:24,065 - ozon.product:21 - INFO - Собираю параметры продукта для Arris
2023-12-05 23:22:24,169 - ozon.product:21 - INFO - Собираю параметры продукта для Arris
2023-12-05 23:22:24,265 - ozon.product:21 - INFO - Собираю параметры продукта для Arris
2023-12-05 23:22:24,350 - ozon.product:21 - INFO - Собираю параметры продукта для Arris
2023-12-05 23:22:24,460 - ozon.product:21 - INFO - Собираю параметры продукта для Arris
2023-12-05 23:22:24,536 - ozon.product:21 - INFO - Собираю параметры продукта для Arris
2023-12-05 23:22:24,630 - ozon.product:21 - INFO - Собираю параметры продукта для Arris
2023-12-05 23:22:24,709 - ozon.product:21 - INFO - Собираю параметры продукта для Arris
2023-12-05 23:22:24,799 - ozon.product:21 - INFO - Собираю параметры продукта для Arris
2023-12-05 23:22:24,893 - ozon.product:21 - INFO - Собираю параметры продукта для Arris
2023-12-05 23:22:25,009 - ozon.product:21 - INFO - Собираю параметры продукта для Arris
2023-12-05 23:22:25,106 - ozon.product:21 - INFO - Собираю параметры продукта для Arris
2023-12-05 23:22:25,197 - ozon.product:21 - INFO - Собираю параметры продукта для Arris
2023-12-05 23:22:25,282 - ozon.product:21 - INFO - Собираю параметры продукта для Arris
2023-12-05 23:22:25,382 - ozon.product:21 - INFO - Собираю параметры продукта для Arris
2023-12-05 23:22:25,461 - ozon.product:21 - INFO - Собираю параметры продукта для Arris
2023-12-05 23:22:25,555 - ozon.product:21 - INFO - Собираю параметры продукта для Arris
2023-12-05 23:22:25,672 - ozon.product:21 - INFO - Собираю параметры продукта для Arris
2023-12-05 23:22:25,760 - ozon.product:21 - INFO - Собираю параметры продукта для Arris
2023-12-05 23:22:25,874 - ozon.product:21 - INFO - Собираю параметры продукта для Arris
2023-12-05 23:22:25,954 - ozon.product:21 - INFO - Собираю параметры продукта для Arris
2023-12-05 23:22:26,039 - ozon.product:21 - INFO - Собираю параметры продукта для Arris
2023-12-05 23:22:26,125 - ozon.product:21 - INFO - Собираю параметры продукта для Arris
2023-12-05 23:22:26,206 - ozon.product:21 - INFO - Собираю параметры продукта для Arris
2023-12-05 23:22:26,294 - ozon.product:21 - INFO - Собираю параметры продукта для Arris
2023-12-05 23:22:26,391 - ozon.product:21 - INFO - Собираю параметры продукта для Arris
2023-12-05 23:22:26,476 - ozon.product:21 - INFO - Собираю параметры продукта для Arris
2023-12-05 23:22:26,586 - ozon.product:21 - INFO - Собираю параметры продукта для Arris
2023-12-05 23:22:26,666 - ozon.analitics:23 - INFO - month analitic for date 2023-11-04 - 2023-12-04 for Arris
2023-12-05 23:23:27,115 - ozon.analitics:65 - INFO - недельная аналитика за даты 2023-11-28 - 2023-12-04 for Arris
2023-12-05 23:24:27,633 - ozon.analitics:108 - INFO - ежедневная аналитика за даты 2023-12-04 - 2023-12-04 for Arris
2023-12-05 23:59:58,276 - ozon.google:18 - INFO - меняю строки на листе DATA
2023-12-06 00:00:01,049 - ozon.product:93 - INFO - Собираю сток для Arris
2023-12-06 00:00:08,184 - ozon.product:93 - INFO - Собираю сток для Arris
2023-12-06 00:00:55,503 - ozon.google:18 - INFO - меняю строки на листе DATA
2023-12-06 00:00:58,707 - ozon.product:93 - INFO - Собираю сток для Arris
2023-12-06 00:01:02,113 - ozon.product:93 - INFO - Собираю сток для Arris
2023-12-06 00:01:24,050 - ozon.analitics:23 - INFO - month analitic for date 2023-11-05 - 2023-12-05 for Arris
2023-12-06 00:02:24,477 - ozon.analitics:65 - INFO - недельная аналитика за даты 2023-11-29 - 2023-12-05 for Arris
2023-12-06 00:09:27,076 - ozon.analitics:108 - INFO - ежедневная аналитика за даты 2023-12-05 - 2023-12-05 for Arris
2023-12-06 00:09:27,624 - ozon.utils:284 - INFO - готовлю данные для записи в data sheet
2023-12-06 00:13:40,358 - ozon.google:18 - INFO - меняю строки на листе DATA
2023-12-06 00:13:43,308 - ozon.product:93 - INFO - Собираю сток для Arris
2023-12-06 00:13:55,289 - ozon.product:93 - INFO - Собираю сток для Arris
2023-12-06 00:14:37,862 - ozon.analitics:23 - INFO - month analitic for date 2023-11-05 - 2023-12-05 for Arris
2023-12-06 00:15:38,191 - ozon.analitics:65 - INFO - недельная аналитика за даты 2023-11-29 - 2023-12-05 for Arris
2023-12-06 00:16:39,088 - ozon.analitics:108 - INFO - ежедневная аналитика за даты 2023-12-05 - 2023-12-05 for Arris
2023-12-06 00:17:44,708 - ozon.utils:284 - INFO - готовлю данные для записи в data sheet
2023-12-06 00:18:34,504 - ozon.google:18 - INFO - меняю строки на листе DATA
2023-12-06 00:18:38,270 - ozon.product:93 - INFO - Собираю сток для Arris
2023-12-06 00:18:41,857 - ozon.product:93 - INFO - Собираю сток для Arris
2023-12-06 00:19:04,179 - ozon.analitics:23 - INFO - month analitic for date 2023-11-05 - 2023-12-05 for Arris
2023-12-06 00:20:04,330 - ozon.analitics:65 - INFO - недельная аналитика за даты 2023-11-29 - 2023-12-05 for Arris
2023-12-06 00:21:12,823 - ozon.analitics:108 - INFO - ежедневная аналитика за даты 2023-12-05 - 2023-12-05 for Arris
2023-12-06 00:21:13,110 - ozon.utils:284 - INFO - готовлю данные для записи в data sheet
2023-12-06 00:21:13,141 - ozon.utils:153 - INFO -  Формирую продажи за 1 неделю (пн-вс) для листа TOTAL за 2023-11-20 00:18:38.269999 - 2023-11-26 00:18:38.269999
2023-12-06 00:21:13,142 - ozon.utils:180 - INFO -  Формирую продажи за 2 неделю (пн-вс) для листа TOTAL за 2023-11-27 00:18:38.269999 - 2023-12-03 00:18:38.269999
2023-12-06 00:21:13,142 - ozon.utils:335 - INFO - готовлю данные для записи в total sheet
2023-12-06 00:21:13,151 - ozon.product:93 - INFO - Собираю сток для NemoCAM
2023-12-06 00:21:28,537 - ozon.product:93 - INFO - Собираю сток для NemoCAM
2023-12-06 00:21:28,736 - ozon.analitics:23 - INFO - month analitic for date 2023-11-05 - 2023-12-05 for NemoCAM
2023-12-06 00:22:29,067 - ozon.analitics:65 - INFO - недельная аналитика за даты 2023-11-29 - 2023-12-05 for NemoCAM
2023-12-06 00:23:29,605 - ozon.analitics:108 - INFO - ежедневная аналитика за даты 2023-12-05 - 2023-12-05 for NemoCAM
2023-12-06 00:23:29,953 - ozon.utils:284 - INFO - готовлю данные для записи в data sheet
2023-12-06 00:23:29,995 - ozon.utils:153 - INFO -  Формирую продажи за 1 неделю (пн-вс) для листа TOTAL за 2023-11-20 00:18:38.269999 - 2023-11-26 00:18:38.269999
2023-12-06 00:23:29,996 - ozon.utils:180 - INFO -  Формирую продажи за 2 неделю (пн-вс) для листа TOTAL за 2023-11-27 00:18:38.269999 - 2023-12-03 00:18:38.269999
2023-12-06 00:23:29,996 - ozon.utils:335 - INFO - готовлю данные для записи в total sheet
2023-12-06 00:23:30,017 - ozon.product:93 - INFO - Собираю сток для Tabi
2023-12-06 00:23:44,665 - ozon.product:93 - INFO - Собираю сток для Tabi
2023-12-06 00:23:44,859 - ozon.analitics:23 - INFO - month analitic for date 2023-11-05 - 2023-12-05 for Tabi
2023-12-06 00:24:45,351 - ozon.analitics:65 - INFO - недельная аналитика за даты 2023-11-29 - 2023-12-05 for Tabi
2023-12-06 00:25:46,926 - ozon.analitics:108 - INFO - ежедневная аналитика за даты 2023-12-05 - 2023-12-05 for Tabi
2023-12-06 00:25:47,159 - ozon.utils:284 - INFO - готовлю данные для записи в data sheet
2023-12-06 00:25:47,214 - ozon.utils:153 - INFO -  Формирую продажи за 1 неделю (пн-вс) для листа TOTAL за 2023-11-20 00:18:38.269999 - 2023-11-26 00:18:38.269999
2023-12-06 00:25:47,214 - ozon.utils:180 - INFO -  Формирую продажи за 2 неделю (пн-вс) для листа TOTAL за 2023-11-27 00:18:38.269999 - 2023-12-03 00:18:38.269999
2023-12-06 00:25:47,215 - ozon.utils:335 - INFO - готовлю данные для записи в total sheet
2023-12-06 00:25:47,255 - ozon.product:93 - INFO - Собираю сток для UniStellar
2023-12-06 00:25:57,717 - ozon.product:93 - INFO - Собираю сток для UniStellar
2023-12-06 00:25:58,110 - ozon.analitics:23 - INFO - month analitic for date 2023-11-05 - 2023-12-05 for UniStellar
2023-12-06 00:26:58,502 - ozon.analitics:65 - INFO - недельная аналитика за даты 2023-11-29 - 2023-12-05 for UniStellar
2023-12-06 00:27:59,022 - ozon.analitics:108 - INFO - ежедневная аналитика за даты 2023-12-05 - 2023-12-05 for UniStellar
2023-12-06 00:27:59,251 - ozon.utils:284 - INFO - готовлю данные для записи в data sheet
2023-12-06 00:27:59,332 - ozon.utils:153 - INFO -  Формирую продажи за 1 неделю (пн-вс) для листа TOTAL за 2023-11-20 00:18:38.269999 - 2023-11-26 00:18:38.269999
2023-12-06 00:27:59,332 - ozon.utils:180 - INFO -  Формирую продажи за 2 неделю (пн-вс) для листа TOTAL за 2023-11-27 00:18:38.269999 - 2023-12-03 00:18:38.269999
2023-12-06 00:27:59,332 - ozon.utils:335 - INFO - готовлю данные для записи в total sheet
2023-12-06 00:27:59,378 - ozon.product:93 - INFO - Собираю сток для PUFFER
2023-12-06 00:28:13,471 - ozon.product:93 - INFO - Собираю сток для PUFFER
2023-12-06 00:28:13,695 - ozon.analitics:23 - INFO - month analitic for date 2023-11-05 - 2023-12-05 for PUFFER
2023-12-06 00:29:13,995 - ozon.analitics:65 - INFO - недельная аналитика за даты 2023-11-29 - 2023-12-05 for PUFFER
2023-12-06 00:30:14,602 - ozon.analitics:108 - INFO - ежедневная аналитика за даты 2023-12-05 - 2023-12-05 for PUFFER
2023-12-06 00:30:14,838 - ozon.utils:284 - INFO - готовлю данные для записи в data sheet
2023-12-06 00:30:14,933 - ozon.utils:153 - INFO -  Формирую продажи за 1 неделю (пн-вс) для листа TOTAL за 2023-11-20 00:18:38.269999 - 2023-11-26 00:18:38.269999
2023-12-06 00:30:14,934 - ozon.utils:180 - INFO -  Формирую продажи за 2 неделю (пн-вс) для листа TOTAL за 2023-11-27 00:18:38.269999 - 2023-12-03 00:18:38.269999
2023-12-06 00:30:14,934 - ozon.utils:335 - INFO - готовлю данные для записи в total sheet
2023-12-06 00:30:14,994 - ozon.product:93 - INFO - Собираю сток для Metalscan
2023-12-06 00:30:22,126 - ozon.product:93 - INFO - Собираю сток для Metalscan
2023-12-06 00:30:22,433 - ozon.analitics:23 - INFO - month analitic for date 2023-11-05 - 2023-12-05 for Metalscan
2023-12-06 00:31:22,894 - ozon.analitics:65 - INFO - недельная аналитика за даты 2023-11-29 - 2023-12-05 for Metalscan
2023-12-06 00:32:23,417 - ozon.analitics:108 - INFO - ежедневная аналитика за даты 2023-12-05 - 2023-12-05 for Metalscan
2023-12-06 00:32:24,974 - ozon.utils:284 - INFO - готовлю данные для записи в data sheet
2023-12-06 00:32:25,108 - ozon.utils:153 - INFO -  Формирую продажи за 1 неделю (пн-вс) для листа TOTAL за 2023-11-20 00:18:38.269999 - 2023-11-26 00:18:38.269999
2023-12-06 00:32:25,108 - ozon.utils:180 - INFO -  Формирую продажи за 2 неделю (пн-вс) для листа TOTAL за 2023-11-27 00:18:38.269999 - 2023-12-03 00:18:38.269999
2023-12-06 00:32:25,108 - ozon.utils:335 - INFO - готовлю данные для записи в total sheet
2023-12-06 00:32:27,408 - ozon.google:31 - INFO - пишу данные в DATA
2023-12-06 00:43:08,777 - ozon.google:31 - INFO - пишу данные в DATA
2023-12-06 01:00:48,643 - ozon.google:31 - INFO - пишу данные в DATA
2023-12-06 01:01:02,650 - ozon.google:58 - INFO - пишу данные в TOTAL
2023-12-06 01:05:18,210 - ozon.google:18 - INFO - меняю строки на листе DATA
2023-12-06 01:05:21,677 - ozon.product:93 - INFO - Собираю сток для Arris
2023-12-06 01:05:25,083 - ozon.product:93 - INFO - Собираю сток для Arris
2023-12-06 01:05:46,839 - ozon.product:93 - INFO - Собираю сток для NemoCAM
2023-12-06 01:06:00,813 - ozon.product:93 - INFO - Собираю сток для NemoCAM
2023-12-06 01:06:01,264 - ozon.product:93 - INFO - Собираю сток для Tabi
2023-12-06 01:06:15,977 - ozon.product:93 - INFO - Собираю сток для Tabi
2023-12-06 01:06:16,202 - ozon.product:93 - INFO - Собираю сток для UniStellar
2023-12-06 01:06:26,964 - ozon.product:93 - INFO - Собираю сток для UniStellar
2023-12-06 01:06:27,361 - ozon.product:93 - INFO - Собираю сток для PUFFER
2023-12-06 01:06:40,826 - ozon.product:93 - INFO - Собираю сток для PUFFER
2023-12-06 01:06:41,100 - ozon.product:93 - INFO - Собираю сток для Metalscan
2023-12-06 01:06:48,263 - ozon.product:93 - INFO - Собираю сток для Metalscan
2023-12-06 09:12:33,928 - ozon.google:18 - INFO - меняю строки на листе DATA
2023-12-06 09:12:36,099 - ozon.product:93 - INFO - Собираю сток для Arris
2023-12-06 09:12:39,984 - ozon.product:93 - INFO - Собираю сток для Arris
2023-12-06 09:13:04,297 - ozon.analitics:23 - INFO - month analitic for date 2023-11-05 - 2023-12-05 for Arris
2023-12-06 09:14:05,451 - ozon.analitics:65 - INFO - недельная аналитика за даты 2023-11-29 - 2023-12-05 for Arris
2023-12-06 09:15:05,822 - ozon.analitics:108 - INFO - ежедневная аналитика за даты 2023-12-05 - 2023-12-05 for Arris
2023-12-06 09:15:06,037 - ozon.utils:312 - INFO - готовлю данные для записи в data sheet
2023-12-06 09:15:06,072 - ozon.utils:181 - INFO -  Формирую продажи за 1 неделю (пн-вс) для листа TOTAL за 2023-11-20 09:12:36.098542 - 2023-11-26 09:12:36.098542
2023-12-06 09:15:06,073 - ozon.utils:208 - INFO -  Формирую продажи за 2 неделю (пн-вс) для листа TOTAL за 2023-11-27 09:12:36.098542 - 2023-12-03 09:12:36.098542
2023-12-06 09:15:06,073 - ozon.utils:363 - INFO - готовлю данные для записи в total sheet
2023-12-06 09:15:06,082 - ozon.product:93 - INFO - Собираю сток для NemoCAM
2023-12-06 09:15:22,068 - ozon.product:93 - INFO - Собираю сток для NemoCAM
2023-12-06 09:15:22,479 - ozon.analitics:23 - INFO - month analitic for date 2023-11-05 - 2023-12-05 for NemoCAM
2023-12-06 09:16:49,745 - ozon.analitics:65 - INFO - недельная аналитика за даты 2023-11-29 - 2023-12-05 for NemoCAM
2023-12-06 09:25:43,076 - ozon.analitics:108 - INFO - ежедневная аналитика за даты 2023-12-05 - 2023-12-05 for NemoCAM
2023-12-06 09:25:43,323 - ozon.utils:312 - INFO - готовлю данные для записи в data sheet
2023-12-06 09:25:43,352 - ozon.utils:181 - INFO -  Формирую продажи за 1 неделю (пн-вс) для листа TOTAL за 2023-11-20 09:12:36.098542 - 2023-11-26 09:12:36.098542
2023-12-06 09:25:43,353 - ozon.utils:208 - INFO -  Формирую продажи за 2 неделю (пн-вс) для листа TOTAL за 2023-11-27 09:12:36.098542 - 2023-12-03 09:12:36.098542
2023-12-06 09:25:43,353 - ozon.utils:363 - INFO - готовлю данные для записи в total sheet
2023-12-06 09:25:43,366 - ozon.product:93 - INFO - Собираю сток для Tabi
2023-12-06 09:25:57,875 - ozon.product:93 - INFO - Собираю сток для Tabi
2023-12-06 09:25:58,120 - ozon.analitics:23 - INFO - month analitic for date 2023-11-05 - 2023-12-05 for Tabi
2023-12-06 09:26:58,901 - ozon.analitics:65 - INFO - недельная аналитика за даты 2023-11-29 - 2023-12-05 for Tabi
2023-12-06 09:27:59,553 - ozon.analitics:108 - INFO - ежедневная аналитика за даты 2023-12-05 - 2023-12-05 for Tabi
2023-12-06 09:27:59,780 - ozon.utils:312 - INFO - готовлю данные для записи в data sheet
2023-12-06 09:27:59,816 - ozon.utils:181 - INFO -  Формирую продажи за 1 неделю (пн-вс) для листа TOTAL за 2023-11-20 09:12:36.098542 - 2023-11-26 09:12:36.098542
2023-12-06 09:27:59,816 - ozon.utils:208 - INFO -  Формирую продажи за 2 неделю (пн-вс) для листа TOTAL за 2023-11-27 09:12:36.098542 - 2023-12-03 09:12:36.098542
2023-12-06 09:27:59,816 - ozon.utils:363 - INFO - готовлю данные для записи в total sheet
2023-12-06 09:27:59,831 - ozon.product:93 - INFO - Собираю сток для UniStellar
2023-12-06 09:28:11,651 - ozon.product:93 - INFO - Собираю сток для UniStellar
2023-12-06 09:28:13,041 - ozon.analitics:23 - INFO - month analitic for date 2023-11-05 - 2023-12-05 for UniStellar
2023-12-06 09:38:34,928 - ozon.analitics:65 - INFO - недельная аналитика за даты 2023-11-29 - 2023-12-05 for UniStellar
2023-12-06 09:39:35,489 - ozon.analitics:108 - INFO - ежедневная аналитика за даты 2023-12-05 - 2023-12-05 for UniStellar
2023-12-06 09:39:35,726 - ozon.utils:312 - INFO - готовлю данные для записи в data sheet
2023-12-06 09:39:35,770 - ozon.utils:181 - INFO -  Формирую продажи за 1 неделю (пн-вс) для листа TOTAL за 2023-11-20 09:12:36.098542 - 2023-11-26 09:12:36.098542
2023-12-06 09:39:35,770 - ozon.utils:208 - INFO -  Формирую продажи за 2 неделю (пн-вс) для листа TOTAL за 2023-11-27 09:12:36.098542 - 2023-12-03 09:12:36.098542
2023-12-06 09:39:35,770 - ozon.utils:363 - INFO - готовлю данные для записи в total sheet
2023-12-06 09:39:35,788 - ozon.product:93 - INFO - Собираю сток для PUFFER
2023-12-06 09:39:50,494 - ozon.product:93 - INFO - Собираю сток для PUFFER
2023-12-06 09:39:50,717 - ozon.analitics:23 - INFO - month analitic for date 2023-11-05 - 2023-12-05 for PUFFER
2023-12-06 09:40:54,476 - ozon.analitics:65 - INFO - недельная аналитика за даты 2023-11-29 - 2023-12-05 for PUFFER
2023-12-06 09:41:54,993 - ozon.analitics:108 - INFO - ежедневная аналитика за даты 2023-12-05 - 2023-12-05 for PUFFER
2023-12-06 09:41:57,862 - ozon.utils:312 - INFO - готовлю данные для записи в data sheet
2023-12-06 09:41:57,888 - ozon.utils:181 - INFO -  Формирую продажи за 1 неделю (пн-вс) для листа TOTAL за 2023-11-20 09:12:36.098542 - 2023-11-26 09:12:36.098542
2023-12-06 09:41:57,889 - ozon.utils:208 - INFO -  Формирую продажи за 2 неделю (пн-вс) для листа TOTAL за 2023-11-27 09:12:36.098542 - 2023-12-03 09:12:36.098542
2023-12-06 09:41:57,889 - ozon.utils:363 - INFO - готовлю данные для записи в total sheet
2023-12-06 09:41:57,906 - ozon.product:93 - INFO - Собираю сток для Metalscan
2023-12-06 09:42:05,459 - ozon.product:93 - INFO - Собираю сток для Metalscan
2023-12-06 09:42:05,683 - ozon.analitics:23 - INFO - month analitic for date 2023-11-05 - 2023-12-05 for Metalscan
2023-12-06 09:43:07,909 - ozon.analitics:65 - INFO - недельная аналитика за даты 2023-11-29 - 2023-12-05 for Metalscan
2023-12-06 09:44:11,647 - ozon.analitics:108 - INFO - ежедневная аналитика за даты 2023-12-05 - 2023-12-05 for Metalscan
2023-12-06 09:44:12,624 - ozon.utils:312 - INFO - готовлю данные для записи в data sheet
2023-12-06 09:44:12,666 - ozon.utils:181 - INFO -  Формирую продажи за 1 неделю (пн-вс) для листа TOTAL за 2023-11-20 09:12:36.098542 - 2023-11-26 09:12:36.098542
2023-12-06 09:44:12,667 - ozon.utils:208 - INFO -  Формирую продажи за 2 неделю (пн-вс) для листа TOTAL за 2023-11-27 09:12:36.098542 - 2023-12-03 09:12:36.098542
2023-12-06 09:44:12,668 - ozon.utils:363 - INFO - готовлю данные для записи в total sheet
2023-12-06 10:05:42,946 - ozon.google:18 - INFO - меняю строки на листе DATA
2023-12-06 10:05:46,794 - ozon.product:93 - INFO - Собираю сток для Arris
2023-12-06 10:05:50,521 - ozon.product:93 - INFO - Собираю сток для Arris
2023-12-06 10:06:18,766 - ozon.analitics:23 - INFO - month analitic for date 2023-11-05 - 2023-12-05 for Arris
2023-12-06 10:07:19,159 - ozon.analitics:65 - INFO - недельная аналитика за даты 2023-11-29 - 2023-12-05 for Arris
2023-12-06 10:08:19,710 - ozon.analitics:108 - INFO - ежедневная аналитика за даты 2023-12-05 - 2023-12-05 for Arris
2023-12-06 10:08:19,927 - ozon.utils:311 - INFO - готовлю данные для записи в data sheet
2023-12-06 10:08:19,956 - ozon.utils:181 - INFO -  Формирую продажи за 1 неделю (пн-вс) для листа TOTAL за 2023-11-20 10:05:46.793954 - 2023-11-26 10:05:46.793954
2023-12-06 10:08:19,956 - ozon.utils:208 - INFO -  Формирую продажи за 2 неделю (пн-вс) для листа TOTAL за 2023-11-27 10:05:46.793954 - 2023-12-03 10:05:46.793954
2023-12-06 10:08:19,956 - ozon.utils:361 - INFO - готовлю данные для записи в total sheet
2023-12-06 10:08:19,964 - ozon.product:93 - INFO - Собираю сток для NemoCAM
2023-12-06 10:08:49,946 - ozon.product:93 - INFO - Собираю сток для NemoCAM
2023-12-06 10:08:50,160 - ozon.analitics:23 - INFO - month analitic for date 2023-11-05 - 2023-12-05 for NemoCAM
2023-12-06 10:09:50,514 - ozon.analitics:65 - INFO - недельная аналитика за даты 2023-11-29 - 2023-12-05 for NemoCAM
2023-12-06 10:10:50,972 - ozon.analitics:108 - INFO - ежедневная аналитика за даты 2023-12-05 - 2023-12-05 for NemoCAM
2023-12-06 10:10:51,340 - ozon.utils:311 - INFO - готовлю данные для записи в data sheet
2023-12-06 10:10:51,360 - ozon.utils:181 - INFO -  Формирую продажи за 1 неделю (пн-вс) для листа TOTAL за 2023-11-20 10:05:46.793954 - 2023-11-26 10:05:46.793954
2023-12-06 10:10:51,361 - ozon.utils:208 - INFO -  Формирую продажи за 2 неделю (пн-вс) для листа TOTAL за 2023-11-27 10:05:46.793954 - 2023-12-03 10:05:46.793954
2023-12-06 10:10:51,361 - ozon.utils:361 - INFO - готовлю данные для записи в total sheet
2023-12-06 10:10:51,376 - ozon.product:93 - INFO - Собираю сток для Tabi
2023-12-06 10:11:08,873 - ozon.product:93 - INFO - Собираю сток для Tabi
2023-12-06 10:11:09,084 - ozon.analitics:23 - INFO - month analitic for date 2023-11-05 - 2023-12-05 for Tabi
2023-12-06 10:12:09,562 - ozon.analitics:65 - INFO - недельная аналитика за даты 2023-11-29 - 2023-12-05 for Tabi
2023-12-06 10:21:06,634 - ozon.analitics:108 - INFO - ежедневная аналитика за даты 2023-12-05 - 2023-12-05 for Tabi
2023-12-06 10:21:06,944 - ozon.utils:311 - INFO - готовлю данные для записи в data sheet
2023-12-06 10:21:06,961 - ozon.utils:181 - INFO -  Формирую продажи за 1 неделю (пн-вс) для листа TOTAL за 2023-11-20 10:05:46.793954 - 2023-11-26 10:05:46.793954
2023-12-06 10:21:06,961 - ozon.utils:208 - INFO -  Формирую продажи за 2 неделю (пн-вс) для листа TOTAL за 2023-11-27 10:05:46.793954 - 2023-12-03 10:05:46.793954
2023-12-06 10:21:06,961 - ozon.utils:361 - INFO - готовлю данные для записи в total sheet
2023-12-06 10:21:06,976 - ozon.product:93 - INFO - Собираю сток для UniStellar
2023-12-06 10:21:19,795 - ozon.product:93 - INFO - Собираю сток для UniStellar
2023-12-06 10:21:20,165 - ozon.analitics:23 - INFO - month analitic for date 2023-11-05 - 2023-12-05 for UniStellar
2023-12-06 10:22:21,189 - ozon.analitics:65 - INFO - недельная аналитика за даты 2023-11-29 - 2023-12-05 for UniStellar
2023-12-06 10:23:21,619 - ozon.analitics:108 - INFO - ежедневная аналитика за даты 2023-12-05 - 2023-12-05 for UniStellar
2023-12-06 10:23:22,622 - ozon.utils:311 - INFO - готовлю данные для записи в data sheet
2023-12-06 10:23:22,657 - ozon.utils:181 - INFO -  Формирую продажи за 1 неделю (пн-вс) для листа TOTAL за 2023-11-20 10:05:46.793954 - 2023-11-26 10:05:46.793954
2023-12-06 10:23:22,658 - ozon.utils:208 - INFO -  Формирую продажи за 2 неделю (пн-вс) для листа TOTAL за 2023-11-27 10:05:46.793954 - 2023-12-03 10:05:46.793954
2023-12-06 10:23:22,658 - ozon.utils:361 - INFO - готовлю данные для записи в total sheet
2023-12-06 10:23:22,680 - ozon.product:93 - INFO - Собираю сток для PUFFER
2023-12-06 10:23:37,405 - ozon.product:93 - INFO - Собираю сток для PUFFER
2023-12-06 10:23:37,623 - ozon.analitics:23 - INFO - month analitic for date 2023-11-05 - 2023-12-05 for PUFFER
2023-12-06 10:24:38,046 - ozon.analitics:65 - INFO - недельная аналитика за даты 2023-11-29 - 2023-12-05 for PUFFER
2023-12-06 10:25:38,493 - ozon.analitics:108 - INFO - ежедневная аналитика за даты 2023-12-05 - 2023-12-05 for PUFFER
2023-12-06 10:25:38,730 - ozon.utils:311 - INFO - готовлю данные для записи в data sheet
2023-12-06 10:25:38,771 - ozon.utils:181 - INFO -  Формирую продажи за 1 неделю (пн-вс) для листа TOTAL за 2023-11-20 10:05:46.793954 - 2023-11-26 10:05:46.793954
2023-12-06 10:25:38,771 - ozon.utils:208 - INFO -  Формирую продажи за 2 неделю (пн-вс) для листа TOTAL за 2023-11-27 10:05:46.793954 - 2023-12-03 10:05:46.793954
2023-12-06 10:25:38,771 - ozon.utils:361 - INFO - готовлю данные для записи в total sheet
2023-12-06 10:25:38,796 - ozon.product:93 - INFO - Собираю сток для Metalscan
2023-12-06 10:25:46,017 - ozon.product:93 - INFO - Собираю сток для Metalscan
2023-12-06 10:25:46,233 - ozon.analitics:23 - INFO - month analitic for date 2023-11-05 - 2023-12-05 for Metalscan
2023-12-06 10:44:34,345 - ozon.analitics:65 - INFO - недельная аналитика за даты 2023-11-29 - 2023-12-05 for Metalscan
2023-12-06 10:45:34,770 - ozon.analitics:108 - INFO - ежедневная аналитика за даты 2023-12-05 - 2023-12-05 for Metalscan
2023-12-06 10:45:34,994 - ozon.utils:311 - INFO - готовлю данные для записи в data sheet
2023-12-06 10:45:35,036 - ozon.utils:181 - INFO -  Формирую продажи за 1 неделю (пн-вс) для листа TOTAL за 2023-11-20 10:05:46.793954 - 2023-11-26 10:05:46.793954
2023-12-06 10:45:35,036 - ozon.utils:208 - INFO -  Формирую продажи за 2 неделю (пн-вс) для листа TOTAL за 2023-11-27 10:05:46.793954 - 2023-12-03 10:05:46.793954
2023-12-06 10:45:35,036 - ozon.utils:361 - INFO - готовлю данные для записи в total sheet
2023-12-06 10:47:09,534 - ozon.google:31 - INFO - пишу данные в DATA
2023-12-06 10:47:15,018 - ozon.google:58 - INFO - пишу данные в TOTAL
2023-12-06 10:49:18,927 - ozon.google:31 - INFO - пишу данные в DATA
